2025-11-30 22:09:04,596 | INFO | Extract step completed. Raw file: data/raw/weather_raw_2025-11-30T20-09-04.json
2025-11-30 22:09:04,614 | INFO | Transform step completed. Records transformed: 168
2025-11-30 22:09:04,658 | INFO | Load step completed. Rows inserted: {len(df)}
2025-11-30 22:09:04,659 | INFO | === WEATHER ETL PIPELINE COMPLETED ===
2025-11-30 23:34:30,881 | INFO | Extract step completed. Raw file: data/raw/weather_raw_2025-11-30T21-34-30.json
2025-11-30 23:34:30,882 | INFO | Extract step duration: 1.719 seconds
2025-11-30 23:34:30,897 | INFO | Transform step completed. Records transformed: 168
2025-11-30 23:34:30,897 | INFO | Transform step duration: 0.015 seconds
2025-11-30 23:34:30,938 | INFO | Load step completed. Rows inserted: {len(df)}
2025-11-30 23:34:30,938 | INFO | Load step duration: 0.040 seconds
2025-11-30 23:34:30,938 | INFO | === WEATHER ETL PIPELINE COMPLETED in {total_runtime:.3f} seconds ===
2025-11-30 23:35:02,187 | INFO | Extract step completed. Raw file: data/raw/weather_raw_2025-11-30T21-35-02.json
2025-11-30 23:35:02,187 | INFO | Extract step duration: 0.819 seconds
2025-11-30 23:35:02,198 | INFO | Transform step completed. Records transformed: 168
2025-11-30 23:35:02,198 | INFO | Transform step duration: 0.010 seconds
2025-11-30 23:35:02,230 | INFO | Load step completed. Rows inserted: {len(df)}
2025-11-30 23:35:02,230 | INFO | Load step duration: 0.033 seconds
2025-11-30 23:35:02,231 | INFO | === WEATHER ETL PIPELINE COMPLETED in {total_runtime:.3f} seconds ===
2025-11-30 23:37:00,272 | INFO | Extract step completed. Raw file: data/raw/weather_raw_2025-11-30T21-37-00.json
2025-11-30 23:37:00,272 | INFO | Extract step duration: 0.839 seconds
2025-11-30 23:37:00,287 | INFO | Transform step completed. Records transformed: 168
2025-11-30 23:37:00,287 | INFO | Transform step duration: 0.015 seconds
2025-11-30 23:37:00,326 | INFO | Load step completed. Rows inserted: {len(df)}
2025-11-30 23:37:00,326 | INFO | Load step duration: 0.039 seconds
2025-11-30 23:37:00,326 | INFO | === WEATHER ETL PIPELINE COMPLETED in 0.892 seconds ===
